Esperando URL...
Encontré la canción :)
Menos de 10? buen track bro
WEB: Gracias por los datos bot-chan. >///<
He detectado que la longitud del video es incorrecta, voy a esperar 1 segundo
500088
Me he crasheado :(, me reinicio al toque. can only concatenate str (not "bytes") to str
Esperando URL...
Encontré la canción :)
Menos de 10? buen track bro
WEB: Gracias por los datos bot-chan. >///<
He detectado que la longitud del video es incorrecta, voy a esperar 1 segundo
500088
Me he crasheado :(, me reinicio al toque. can only concatenate str (not "bytes") to str
Esperando URL...
Encontré la canción :)
Menos de 10? buen track bro
WEB: Gracias por los datos bot-chan. >///<
He detectado que la longitud del video es incorrecta, voy a esperar 1 segundo
500088
Me he crasheado :(, me reinicio al toque. can only concatenate str (not "bytes") to str
Esperando URL...
Encontré la canción :)
Menos de 10? buen track bro
WEB: Gracias por los datos bot-chan. >///<
He detectado que la longitud del video es incorrecta, voy a esperar 1 segundo
